
> @balancer-labs/sdk@1.0.0 examples:run
> npx ts-node -P tsconfig.testing.json -r tsconfig-paths/register ./examples/arbitrage4.ts live

/Users/pulkit/Projects/Crypto/balancer-bot/balancer-sdk/balancer-js/node_modules/ts-node/src/index.ts:859
    return new TSError(diagnosticText, diagnosticCodes, diagnostics);
           ^
TSError: ⨯ Unable to compile TypeScript:
examples/arbitrage4.ts(9,120): error TS2307: Cannot find module './arbitrageUtils' or its corresponding type declarations.
examples/arbitrage4.ts(383,62): error TS2345: Argument of type '{ kind: SwapType; swaps: ({ poolId: string; assetInIndex: number; assetOutIndex: number; amount: BigNumber; userData: string; } | { poolId: string; assetInIndex: number; assetOutIndex: number; amount: string; userData: string; })[]; assets: any[]; funds: { ...; }; limits: string[]; deadline: string; }' is not assignable to parameter of type 'BatchSwap'.
  Types of property 'swaps' are incompatible.
    Type '({ poolId: string; assetInIndex: number; assetOutIndex: number; amount: BigNumber; userData: string; } | { poolId: string; assetInIndex: number; assetOutIndex: number; amount: string; userData: string; })[]' is not assignable to type 'BatchSwapStep[]'.
      Type '{ poolId: string; assetInIndex: number; assetOutIndex: number; amount: BigNumber; userData: string; } | { poolId: string; assetInIndex: number; assetOutIndex: number; amount: string; userData: string; }' is not assignable to type 'BatchSwapStep'.
        Type '{ poolId: string; assetInIndex: number; assetOutIndex: number; amount: BigNumber; userData: string; }' is not assignable to type 'BatchSwapStep'.
          Types of property 'amount' are incompatible.
            Type 'BigNumber' is not assignable to type 'string'.
examples/arbitrage4.ts(387,62): error TS2345: Argument of type '{ kind: SwapType; swaps: ({ poolId: string; assetInIndex: number; assetOutIndex: number; amount: BigNumber; userData: string; } | { poolId: string; assetInIndex: number; assetOutIndex: number; amount: string; userData: string; })[]; assets: any[]; funds: { ...; }; limits: string[]; deadline: string; }' is not assignable to parameter of type 'BatchSwap'.

    at createTSError (/Users/pulkit/Projects/Crypto/balancer-bot/balancer-sdk/balancer-js/node_modules/ts-node/src/index.ts:859:12)
    at reportTSError (/Users/pulkit/Projects/Crypto/balancer-bot/balancer-sdk/balancer-js/node_modules/ts-node/src/index.ts:863:19)
    at getOutput (/Users/pulkit/Projects/Crypto/balancer-bot/balancer-sdk/balancer-js/node_modules/ts-node/src/index.ts:1077:36)
    at Object.compile (/Users/pulkit/Projects/Crypto/balancer-bot/balancer-sdk/balancer-js/node_modules/ts-node/src/index.ts:1433:41)
    at Module.m._compile (/Users/pulkit/Projects/Crypto/balancer-bot/balancer-sdk/balancer-js/node_modules/ts-node/src/index.ts:1617:30)
    at Module._extensions..js (node:internal/modules/cjs/loader:1159:10)
    at Object.require.extensions.<computed> [as .ts] (/Users/pulkit/Projects/Crypto/balancer-bot/balancer-sdk/balancer-js/node_modules/ts-node/src/index.ts:1621:12)
    at Module.load (node:internal/modules/cjs/loader:981:32)
    at Function.Module._load (node:internal/modules/cjs/loader:822:12)
    at Function.executeUserEntryPoint [as runMain] (node:internal/modules/run_main:77:12) {
  diagnosticCodes: [ 2307, 2345, 2345 ]
}

> @balancer-labs/sdk@1.0.0 examples:run
> npx ts-node -P tsconfig.testing.json -r tsconfig-paths/register ./examples/arbitrage4.ts live

/Users/pulkit/Projects/Crypto/balancer-bot/balancer-sdk/balancer-js/node_modules/ts-node/src/index.ts:859
    return new TSError(diagnosticText, diagnosticCodes, diagnostics);
           ^
TSError: ⨯ Unable to compile TypeScript:
examples/arbitrage4.ts(383,62): error TS2345: Argument of type '{ kind: SwapType; swaps: ({ poolId: string; assetInIndex: number; assetOutIndex: number; amount: BigNumber; userData: string; } | { poolId: string; assetInIndex: number; assetOutIndex: number; amount: string; userData: string; })[]; assets: string[]; funds: { ...; }; limits: string[]; deadline: string; }' is not assignable to parameter of type 'BatchSwap'.
  Types of property 'swaps' are incompatible.
    Type '({ poolId: string; assetInIndex: number; assetOutIndex: number; amount: BigNumber; userData: string; } | { poolId: string; assetInIndex: number; assetOutIndex: number; amount: string; userData: string; })[]' is not assignable to type 'BatchSwapStep[]'.
      Type '{ poolId: string; assetInIndex: number; assetOutIndex: number; amount: BigNumber; userData: string; } | { poolId: string; assetInIndex: number; assetOutIndex: number; amount: string; userData: string; }' is not assignable to type 'BatchSwapStep'.
        Type '{ poolId: string; assetInIndex: number; assetOutIndex: number; amount: BigNumber; userData: string; }' is not assignable to type 'BatchSwapStep'.
          Types of property 'amount' are incompatible.
            Type 'BigNumber' is not assignable to type 'string'.
examples/arbitrage4.ts(387,62): error TS2345: Argument of type '{ kind: SwapType; swaps: ({ poolId: string; assetInIndex: number; assetOutIndex: number; amount: BigNumber; userData: string; } | { poolId: string; assetInIndex: number; assetOutIndex: number; amount: string; userData: string; })[]; assets: string[]; funds: { ...; }; limits: string[]; deadline: string; }' is not assignable to parameter of type 'BatchSwap'.
examples/arbitrage4.ts(427,13): error TS2322: Type 'BigNumber' is not assignable to type 'string'.
examples/arbitrage4.ts(556,66): error TS2345: Argument of type '{ swaps: (BatchSwapStep | { poolId: string; assetInIndex: number; assetOutIndex: number; amount: BigNumber; userData: string; })[]; limits: string[]; kind: SwapType; ... 4 more ...; outputReferences?: { ...; }[] | undefined; }' is not assignable to parameter of type 'BatchSwap'.
  Types of property 'swaps' are incompatible.
    Type '(BatchSwapStep | { poolId: string; assetInIndex: number; assetOutIndex: number; amount: BigNumber; userData: string; })[]' is not assignable to type 'BatchSwapStep[]'.
      Type 'BatchSwapStep | { poolId: string; assetInIndex: number; assetOutIndex: number; amount: BigNumber; userData: string; }' is not assignable to type 'BatchSwapStep'.
        Type '{ poolId: string; assetInIndex: number; assetOutIndex: number; amount: BigNumber; userData: string; }' is not assignable to type 'BatchSwapStep'.
          Types of property 'amount' are incompatible.
            Type 'BigNumber' is not assignable to type 'string'.
examples/arbitrage4.ts(559,66): error TS2345: Argument of type '{ swaps: (BatchSwapStep | { poolId: string; assetInIndex: number; assetOutIndex: number; amount: BigNumber; userData: string; })[]; limits: string[]; kind: SwapType; ... 4 more ...; outputReferences?: { ...; }[] | undefined; }' is not assignable to parameter of type 'BatchSwap'.

    at createTSError (/Users/pulkit/Projects/Crypto/balancer-bot/balancer-sdk/balancer-js/node_modules/ts-node/src/index.ts:859:12)
    at reportTSError (/Users/pulkit/Projects/Crypto/balancer-bot/balancer-sdk/balancer-js/node_modules/ts-node/src/index.ts:863:19)
    at getOutput (/Users/pulkit/Projects/Crypto/balancer-bot/balancer-sdk/balancer-js/node_modules/ts-node/src/index.ts:1077:36)
    at Object.compile (/Users/pulkit/Projects/Crypto/balancer-bot/balancer-sdk/balancer-js/node_modules/ts-node/src/index.ts:1433:41)
    at Module.m._compile (/Users/pulkit/Projects/Crypto/balancer-bot/balancer-sdk/balancer-js/node_modules/ts-node/src/index.ts:1617:30)
    at Module._extensions..js (node:internal/modules/cjs/loader:1159:10)
    at Object.require.extensions.<computed> [as .ts] (/Users/pulkit/Projects/Crypto/balancer-bot/balancer-sdk/balancer-js/node_modules/ts-node/src/index.ts:1621:12)
    at Module.load (node:internal/modules/cjs/loader:981:32)
    at Function.Module._load (node:internal/modules/cjs/loader:822:12)
    at Function.executeUserEntryPoint [as runMain] (node:internal/modules/run_main:77:12) {
  diagnosticCodes: [ 2345, 2345, 2322, 2345, 2345 ]
}

> @balancer-labs/sdk@1.0.0 examples:run
> npx ts-node -P tsconfig.testing.json -r tsconfig-paths/register ./examples/arbitrage4.ts live

/Users/pulkit/Projects/Crypto/balancer-bot/balancer-sdk/balancer-js/node_modules/ts-node/src/index.ts:859
    return new TSError(diagnosticText, diagnosticCodes, diagnostics);
           ^
TSError: ⨯ Unable to compile TypeScript:
examples/arbitrage4.ts(427,13): error TS2322: Type 'BigNumber' is not assignable to type 'string'.

    at createTSError (/Users/pulkit/Projects/Crypto/balancer-bot/balancer-sdk/balancer-js/node_modules/ts-node/src/index.ts:859:12)
    at reportTSError (/Users/pulkit/Projects/Crypto/balancer-bot/balancer-sdk/balancer-js/node_modules/ts-node/src/index.ts:863:19)
    at getOutput (/Users/pulkit/Projects/Crypto/balancer-bot/balancer-sdk/balancer-js/node_modules/ts-node/src/index.ts:1077:36)
    at Object.compile (/Users/pulkit/Projects/Crypto/balancer-bot/balancer-sdk/balancer-js/node_modules/ts-node/src/index.ts:1433:41)
    at Module.m._compile (/Users/pulkit/Projects/Crypto/balancer-bot/balancer-sdk/balancer-js/node_modules/ts-node/src/index.ts:1617:30)
    at Module._extensions..js (node:internal/modules/cjs/loader:1159:10)
    at Object.require.extensions.<computed> [as .ts] (/Users/pulkit/Projects/Crypto/balancer-bot/balancer-sdk/balancer-js/node_modules/ts-node/src/index.ts:1621:12)
    at Module.load (node:internal/modules/cjs/loader:981:32)
    at Function.Module._load (node:internal/modules/cjs/loader:822:12)
    at Function.executeUserEntryPoint [as runMain] (node:internal/modules/run_main:77:12) {
  diagnosticCodes: [ 2322 ]
}

> @balancer-labs/sdk@1.0.0 examples:run
> npx ts-node -P tsconfig.testing.json -r tsconfig-paths/register ./examples/arbitrage4.ts live

/Users/pulkit/Projects/Crypto/balancer-bot/balancer-sdk/balancer-js/node_modules/ts-node/src/index.ts:859
    return new TSError(diagnosticText, diagnosticCodes, diagnostics);
           ^
TSError: ⨯ Unable to compile TypeScript:
src/modules/sor/sor.module.ts(62,7): error TS2322: Type '{ vault: string; weth: string; lbpRaisingTokens: string[] | undefined; wETHwstETH: PoolReference | undefined; connectingTokens: { symbol: string; address: string; }[] | undefined; ... 6 more ...; sorConnectingTokens?: { symbol: string; address: string; }[] | undefined; }' is not assignable to type 'SorConfig'.
  Object literal may only specify known properties, and 'connectingTokens' does not exist in type 'SorConfig'.

    at createTSError (/Users/pulkit/Projects/Crypto/balancer-bot/balancer-sdk/balancer-js/node_modules/ts-node/src/index.ts:859:12)
    at reportTSError (/Users/pulkit/Projects/Crypto/balancer-bot/balancer-sdk/balancer-js/node_modules/ts-node/src/index.ts:863:19)
    at getOutput (/Users/pulkit/Projects/Crypto/balancer-bot/balancer-sdk/balancer-js/node_modules/ts-node/src/index.ts:1077:36)
    at Object.compile (/Users/pulkit/Projects/Crypto/balancer-bot/balancer-sdk/balancer-js/node_modules/ts-node/src/index.ts:1433:41)
    at Module.m._compile (/Users/pulkit/Projects/Crypto/balancer-bot/balancer-sdk/balancer-js/node_modules/ts-node/src/index.ts:1617:30)
    at Module._extensions..js (node:internal/modules/cjs/loader:1159:10)
    at Object.require.extensions.<computed> [as .ts] (/Users/pulkit/Projects/Crypto/balancer-bot/balancer-sdk/balancer-js/node_modules/ts-node/src/index.ts:1621:12)
    at Module.load (node:internal/modules/cjs/loader:981:32)
    at Function.Module._load (node:internal/modules/cjs/loader:822:12)
    at Module.require (node:internal/modules/cjs/loader:1005:19) {
  diagnosticCodes: [ 2322 ]
}

> @balancer-labs/sdk@1.0.0 examples:run
> npx ts-node -P tsconfig.testing.json -r tsconfig-paths/register ./examples/arbitrage4.ts live

/Users/pulkit/Projects/Crypto/balancer-bot/balancer-sdk/balancer-js/node_modules/ts-node/src/index.ts:859
    return new TSError(diagnosticText, diagnosticCodes, diagnostics);
           ^
TSError: ⨯ Unable to compile TypeScript:
src/modules/vaultModel/poolModel/swap.ts(38,38): error TS2345: Argument of type 'BigNumberish' is not assignable to parameter of type 'string'.
  Type 'number' is not assignable to type 'string'.
src/modules/vaultModel/poolModel/swap.ts(40,54): error TS2345: Argument of type 'BigNumberish' is not assignable to parameter of type 'string'.
src/modules/vaultModel/poolModel/swap.ts(56,9): error TS2345: Argument of type 'BigNumberish' is not assignable to parameter of type 'string'.

    at createTSError (/Users/pulkit/Projects/Crypto/balancer-bot/balancer-sdk/balancer-js/node_modules/ts-node/src/index.ts:859:12)
    at reportTSError (/Users/pulkit/Projects/Crypto/balancer-bot/balancer-sdk/balancer-js/node_modules/ts-node/src/index.ts:863:19)
    at getOutput (/Users/pulkit/Projects/Crypto/balancer-bot/balancer-sdk/balancer-js/node_modules/ts-node/src/index.ts:1077:36)
    at Object.compile (/Users/pulkit/Projects/Crypto/balancer-bot/balancer-sdk/balancer-js/node_modules/ts-node/src/index.ts:1433:41)
    at Module.m._compile (/Users/pulkit/Projects/Crypto/balancer-bot/balancer-sdk/balancer-js/node_modules/ts-node/src/index.ts:1617:30)
    at Module._extensions..js (node:internal/modules/cjs/loader:1159:10)
    at Object.require.extensions.<computed> [as .ts] (/Users/pulkit/Projects/Crypto/balancer-bot/balancer-sdk/balancer-js/node_modules/ts-node/src/index.ts:1621:12)
    at Module.load (node:internal/modules/cjs/loader:981:32)
    at Function.Module._load (node:internal/modules/cjs/loader:822:12)
    at Module.require (node:internal/modules/cjs/loader:1005:19) {
  diagnosticCodes: [ 2345, 2345, 2345 ]
}

> @balancer-labs/sdk@1.0.0 examples:run
> npx ts-node -P tsconfig.testing.json -r tsconfig-paths/register ./examples/arbitrage4.ts live

/Users/pulkit/Projects/Crypto/balancer-bot/balancer-sdk/balancer-js/node_modules/ts-node/src/index.ts:859
    return new TSError(diagnosticText, diagnosticCodes, diagnostics);
           ^
TSError: ⨯ Unable to compile TypeScript:
examples/arbitrage4.ts(383,62): error TS2345: Argument of type '{ kind: SwapType; swaps: ({ poolId: string; assetInIndex: number; assetOutIndex: number; amount: BigNumber; userData: string; } | { poolId: string; assetInIndex: number; assetOutIndex: number; amount: string; userData: string; })[]; assets: string[]; funds: { ...; }; limits: string[]; deadline: string; }' is not assignable to parameter of type 'BatchSwap'.
  Types of property 'swaps' are incompatible.
    Type '({ poolId: string; assetInIndex: number; assetOutIndex: number; amount: BigNumber; userData: string; } | { poolId: string; assetInIndex: number; assetOutIndex: number; amount: string; userData: string; })[]' is not assignable to type 'BatchSwapStep[]'.
      Type '{ poolId: string; assetInIndex: number; assetOutIndex: number; amount: BigNumber; userData: string; } | { poolId: string; assetInIndex: number; assetOutIndex: number; amount: string; userData: string; }' is not assignable to type 'BatchSwapStep'.
        Type '{ poolId: string; assetInIndex: number; assetOutIndex: number; amount: BigNumber; userData: string; }' is not assignable to type 'BatchSwapStep'.
          Types of property 'amount' are incompatible.
            Type 'BigNumber' is not assignable to type 'string'.
examples/arbitrage4.ts(387,62): error TS2345: Argument of type '{ kind: SwapType; swaps: ({ poolId: string; assetInIndex: number; assetOutIndex: number; amount: BigNumber; userData: string; } | { poolId: string; assetInIndex: number; assetOutIndex: number; amount: string; userData: string; })[]; assets: string[]; funds: { ...; }; limits: string[]; deadline: string; }' is not assignable to parameter of type 'BatchSwap'.
examples/arbitrage4.ts(556,66): error TS2345: Argument of type '{ swaps: (BatchSwapStep | { poolId: string; assetInIndex: number; assetOutIndex: number; amount: BigNumber; userData: string; })[]; limits: string[]; kind: SwapType; ... 4 more ...; outputReferences?: { ...; }[] | undefined; }' is not assignable to parameter of type 'BatchSwap'.
  Types of property 'swaps' are incompatible.
    Type '(BatchSwapStep | { poolId: string; assetInIndex: number; assetOutIndex: number; amount: BigNumber; userData: string; })[]' is not assignable to type 'BatchSwapStep[]'.
      Type 'BatchSwapStep | { poolId: string; assetInIndex: number; assetOutIndex: number; amount: BigNumber; userData: string; }' is not assignable to type 'BatchSwapStep'.
        Type '{ poolId: string; assetInIndex: number; assetOutIndex: number; amount: BigNumber; userData: string; }' is not assignable to type 'BatchSwapStep'.
          Types of property 'amount' are incompatible.
            Type 'BigNumber' is not assignable to type 'string'.
examples/arbitrage4.ts(559,66): error TS2345: Argument of type '{ swaps: (BatchSwapStep | { poolId: string; assetInIndex: number; assetOutIndex: number; amount: BigNumber; userData: string; })[]; limits: string[]; kind: SwapType; ... 4 more ...; outputReferences?: { ...; }[] | undefined; }' is not assignable to parameter of type 'BatchSwap'.

    at createTSError (/Users/pulkit/Projects/Crypto/balancer-bot/balancer-sdk/balancer-js/node_modules/ts-node/src/index.ts:859:12)
    at reportTSError (/Users/pulkit/Projects/Crypto/balancer-bot/balancer-sdk/balancer-js/node_modules/ts-node/src/index.ts:863:19)
    at getOutput (/Users/pulkit/Projects/Crypto/balancer-bot/balancer-sdk/balancer-js/node_modules/ts-node/src/index.ts:1077:36)
    at Object.compile (/Users/pulkit/Projects/Crypto/balancer-bot/balancer-sdk/balancer-js/node_modules/ts-node/src/index.ts:1433:41)
    at Module.m._compile (/Users/pulkit/Projects/Crypto/balancer-bot/balancer-sdk/balancer-js/node_modules/ts-node/src/index.ts:1617:30)
    at Module._extensions..js (node:internal/modules/cjs/loader:1159:10)
    at Object.require.extensions.<computed> [as .ts] (/Users/pulkit/Projects/Crypto/balancer-bot/balancer-sdk/balancer-js/node_modules/ts-node/src/index.ts:1621:12)
    at Module.load (node:internal/modules/cjs/loader:981:32)
    at Function.Module._load (node:internal/modules/cjs/loader:822:12)
    at Function.executeUserEntryPoint [as runMain] (node:internal/modules/run_main:77:12) {
  diagnosticCodes: [ 2345, 2345, 2345, 2345 ]
}

> @balancer-labs/sdk@1.0.0 examples:run
> npx ts-node -P tsconfig.testing.json -r tsconfig-paths/register ./examples/arbitrage4.ts live

/Users/pulkit/Projects/Crypto/balancer-bot/balancer-sdk/balancer-js/node_modules/ts-node/src/index.ts:859
    return new TSError(diagnosticText, diagnosticCodes, diagnostics);
           ^
TSError: ⨯ Unable to compile TypeScript:
src/modules/vaultModel/poolSource.ts(11,3): error TS2305: Module '"@balancer-labs/sor"' has no exported member 'ComposableStablePool'.

    at createTSError (/Users/pulkit/Projects/Crypto/balancer-bot/balancer-sdk/balancer-js/node_modules/ts-node/src/index.ts:859:12)
    at reportTSError (/Users/pulkit/Projects/Crypto/balancer-bot/balancer-sdk/balancer-js/node_modules/ts-node/src/index.ts:863:19)
    at getOutput (/Users/pulkit/Projects/Crypto/balancer-bot/balancer-sdk/balancer-js/node_modules/ts-node/src/index.ts:1077:36)
    at Object.compile (/Users/pulkit/Projects/Crypto/balancer-bot/balancer-sdk/balancer-js/node_modules/ts-node/src/index.ts:1433:41)
    at Module.m._compile (/Users/pulkit/Projects/Crypto/balancer-bot/balancer-sdk/balancer-js/node_modules/ts-node/src/index.ts:1617:30)
    at Module._extensions..js (node:internal/modules/cjs/loader:1159:10)
    at Object.require.extensions.<computed> [as .ts] (/Users/pulkit/Projects/Crypto/balancer-bot/balancer-sdk/balancer-js/node_modules/ts-node/src/index.ts:1621:12)
    at Module.load (node:internal/modules/cjs/loader:981:32)
    at Function.Module._load (node:internal/modules/cjs/loader:822:12)
    at Module.require (node:internal/modules/cjs/loader:1005:19) {
  diagnosticCodes: [ 2305 ]
}

> @balancer-labs/sdk@1.0.0 examples:run
> npx ts-node -P tsconfig.testing.json -r tsconfig-paths/register ./examples/arbitrage4.ts live

/Users/pulkit/Projects/Crypto/balancer-bot/balancer-sdk/balancer-js/node_modules/ts-node/src/index.ts:859
    return new TSError(diagnosticText, diagnosticCodes, diagnostics);
           ^
TSError: ⨯ Unable to compile TypeScript:
src/lib/constants/pools.ts(204,5): error TS2322: Type '"composableStablePool"' is not assignable to type 'FactoryType'.
src/lib/constants/pools.ts(287,5): error TS2322: Type '"composableStablePool"' is not assignable to type 'FactoryType'.
src/lib/constants/pools.ts(442,5): error TS2322: Type '"composableStablePool"' is not assignable to type 'FactoryType'.
src/lib/constants/pools.ts(518,5): error TS2322: Type '"composableStablePool"' is not assignable to type 'FactoryType'.

    at createTSError (/Users/pulkit/Projects/Crypto/balancer-bot/balancer-sdk/balancer-js/node_modules/ts-node/src/index.ts:859:12)
    at reportTSError (/Users/pulkit/Projects/Crypto/balancer-bot/balancer-sdk/balancer-js/node_modules/ts-node/src/index.ts:863:19)
    at getOutput (/Users/pulkit/Projects/Crypto/balancer-bot/balancer-sdk/balancer-js/node_modules/ts-node/src/index.ts:1077:36)
    at Object.compile (/Users/pulkit/Projects/Crypto/balancer-bot/balancer-sdk/balancer-js/node_modules/ts-node/src/index.ts:1433:41)
    at Module.m._compile (/Users/pulkit/Projects/Crypto/balancer-bot/balancer-sdk/balancer-js/node_modules/ts-node/src/index.ts:1617:30)
    at Module._extensions..js (node:internal/modules/cjs/loader:1159:10)
    at Object.require.extensions.<computed> [as .ts] (/Users/pulkit/Projects/Crypto/balancer-bot/balancer-sdk/balancer-js/node_modules/ts-node/src/index.ts:1621:12)
    at Module.load (node:internal/modules/cjs/loader:981:32)
    at Function.Module._load (node:internal/modules/cjs/loader:822:12)
    at Module.require (node:internal/modules/cjs/loader:1005:19) {
  diagnosticCodes: [ 2322, 2322, 2322, 2322 ]
}

> @balancer-labs/sdk@1.0.0 examples:run
> npx ts-node -P tsconfig.testing.json -r tsconfig-paths/register ./examples/arbitrage4.ts live

/Users/pulkit/Projects/Crypto/balancer-bot/balancer-sdk/balancer-js/node_modules/ts-node/src/index.ts:859
    return new TSError(diagnosticText, diagnosticCodes, diagnostics);
           ^
TSError: ⨯ Unable to compile TypeScript:
src/lib/constants/pools.ts(204,5): error TS2322: Type '"composableStablePool"' is not assignable to type 'FactoryType'.
src/lib/constants/pools.ts(287,5): error TS2322: Type '"composableStablePool"' is not assignable to type 'FactoryType'.
src/lib/constants/pools.ts(442,5): error TS2322: Type '"composableStablePool"' is not assignable to type 'FactoryType'.
src/lib/constants/pools.ts(518,5): error TS2322: Type '"composableStablePool"' is not assignable to type 'FactoryType'.

    at createTSError (/Users/pulkit/Projects/Crypto/balancer-bot/balancer-sdk/balancer-js/node_modules/ts-node/src/index.ts:859:12)
    at reportTSError (/Users/pulkit/Projects/Crypto/balancer-bot/balancer-sdk/balancer-js/node_modules/ts-node/src/index.ts:863:19)
    at getOutput (/Users/pulkit/Projects/Crypto/balancer-bot/balancer-sdk/balancer-js/node_modules/ts-node/src/index.ts:1077:36)
    at Object.compile (/Users/pulkit/Projects/Crypto/balancer-bot/balancer-sdk/balancer-js/node_modules/ts-node/src/index.ts:1433:41)
    at Module.m._compile (/Users/pulkit/Projects/Crypto/balancer-bot/balancer-sdk/balancer-js/node_modules/ts-node/src/index.ts:1617:30)
    at Module._extensions..js (node:internal/modules/cjs/loader:1159:10)
    at Object.require.extensions.<computed> [as .ts] (/Users/pulkit/Projects/Crypto/balancer-bot/balancer-sdk/balancer-js/node_modules/ts-node/src/index.ts:1621:12)
    at Module.load (node:internal/modules/cjs/loader:981:32)
    at Function.Module._load (node:internal/modules/cjs/loader:822:12)
    at Module.require (node:internal/modules/cjs/loader:1005:19) {
  diagnosticCodes: [ 2322, 2322, 2322, 2322 ]
}

> @balancer-labs/sdk@1.0.0 examples:run
> npx ts-node -P tsconfig.testing.json -r tsconfig-paths/register ./examples/arbitrage4.ts live

/Users/pulkit/Projects/Crypto/balancer-bot/balancer-sdk/balancer-js/node_modules/ts-node/src/index.ts:859
    return new TSError(diagnosticText, diagnosticCodes, diagnostics);
           ^
TSError: ⨯ Unable to compile TypeScript:
src/modules/vaultModel/poolSource.ts(11,3): error TS2305: Module '"@balancer-labs/sor"' has no exported member 'ComposableStablePool'.

    at createTSError (/Users/pulkit/Projects/Crypto/balancer-bot/balancer-sdk/balancer-js/node_modules/ts-node/src/index.ts:859:12)
    at reportTSError (/Users/pulkit/Projects/Crypto/balancer-bot/balancer-sdk/balancer-js/node_modules/ts-node/src/index.ts:863:19)
    at getOutput (/Users/pulkit/Projects/Crypto/balancer-bot/balancer-sdk/balancer-js/node_modules/ts-node/src/index.ts:1077:36)
    at Object.compile (/Users/pulkit/Projects/Crypto/balancer-bot/balancer-sdk/balancer-js/node_modules/ts-node/src/index.ts:1433:41)
    at Module.m._compile (/Users/pulkit/Projects/Crypto/balancer-bot/balancer-sdk/balancer-js/node_modules/ts-node/src/index.ts:1617:30)
    at Module._extensions..js (node:internal/modules/cjs/loader:1159:10)
    at Object.require.extensions.<computed> [as .ts] (/Users/pulkit/Projects/Crypto/balancer-bot/balancer-sdk/balancer-js/node_modules/ts-node/src/index.ts:1621:12)
    at Module.load (node:internal/modules/cjs/loader:981:32)
    at Function.Module._load (node:internal/modules/cjs/loader:822:12)
    at Module.require (node:internal/modules/cjs/loader:1005:19) {
  diagnosticCodes: [ 2305 ]
}

> @balancer-labs/sdk@1.0.0 examples:run
> npx ts-node -P tsconfig.testing.json -r tsconfig-paths/register ./examples/arbitrage4.ts live

Running against local: false
Unknown pool type: FX 0xad0e5e0778cac28f1ff459602b31351871b5754a0002000000000000000003ce
Unknown pool type: FX 0x66bb9d104c55861feb3ec3559433f01f6373c9660002000000000000000003cf
Unknown pool type: HighAmpComposableStable 0xea912e1afa137c15f1638142e32f978e92fbce390000000000000000000003b4
Unknown pool type: HighAmpComposableStable 0x1d1b44a4c5a047bdc9b3f06842566e5ea9c1966d0000000000000000000003b3
Error: fetchPools(): Issue with multicall execution.
/Users/pulkit/Projects/Crypto/balancer-bot/balancer-sdk/balancer-js/examples/arbitrage4.ts:402
        throw new Error(`Error fetching pools data.`);
              ^
Error: Error fetching pools data.
    at fetchPools (/Users/pulkit/Projects/Crypto/balancer-bot/balancer-sdk/balancer-js/examples/arbitrage4.ts:402:15)
    at processTicksAndRejections (node:internal/process/task_queues:96:5)
    at async arbitrage (/Users/pulkit/Projects/Crypto/balancer-bot/balancer-sdk/balancer-js/examples/arbitrage4.ts:603:9)

> @balancer-labs/sdk@1.0.0 examples:run
> npx ts-node -P tsconfig.testing.json -r tsconfig-paths/register ./examples/arbitrage4.ts live

Running against local: false
Unknown pool type: FX 0xad0e5e0778cac28f1ff459602b31351871b5754a0002000000000000000003ce
Unknown pool type: FX 0x66bb9d104c55861feb3ec3559433f01f6373c9660002000000000000000003cf
Unknown pool type: HighAmpComposableStable 0xea912e1afa137c15f1638142e32f978e92fbce390000000000000000000003b4
Unknown pool type: HighAmpComposableStable 0x1d1b44a4c5a047bdc9b3f06842566e5ea9c1966d0000000000000000000003b3
Error: fetchPools(): Issue with multicall execution.
/Users/pulkit/Projects/Crypto/balancer-bot/balancer-sdk/balancer-js/examples/arbitrage4.ts:402
        throw new Error(`Error fetching pools data.`);
              ^
Error: Error fetching pools data.
    at fetchPools (/Users/pulkit/Projects/Crypto/balancer-bot/balancer-sdk/balancer-js/examples/arbitrage4.ts:402:15)
    at processTicksAndRejections (node:internal/process/task_queues:96:5)
    at async arbitrage (/Users/pulkit/Projects/Crypto/balancer-bot/balancer-sdk/balancer-js/examples/arbitrage4.ts:603:9)

> @balancer-labs/sdk@1.0.0 examples:run
> npx ts-node -P tsconfig.testing.json -r tsconfig-paths/register ./examples/arbitrage4.ts live

Running against local: false
Unknown pool type: FX 0xad0e5e0778cac28f1ff459602b31351871b5754a0002000000000000000003ce
Unknown pool type: FX 0x66bb9d104c55861feb3ec3559433f01f6373c9660002000000000000000003cf
Unknown pool type: HighAmpComposableStable 0xea912e1afa137c15f1638142e32f978e92fbce390000000000000000000003b4
Unknown pool type: HighAmpComposableStable 0x1d1b44a4c5a047bdc9b3f06842566e5ea9c1966d0000000000000000000003b3
Error: fetchPools(): Issue with multicall execution.
/Users/pulkit/Projects/Crypto/balancer-bot/balancer-sdk/balancer-js/examples/arbitrage4.ts:402
        throw new Error(`Error fetching pools data.`);
              ^
Error: Error fetching pools data.
    at fetchPools (/Users/pulkit/Projects/Crypto/balancer-bot/balancer-sdk/balancer-js/examples/arbitrage4.ts:402:15)
    at processTicksAndRejections (node:internal/process/task_queues:96:5)
    at async arbitrage (/Users/pulkit/Projects/Crypto/balancer-bot/balancer-sdk/balancer-js/examples/arbitrage4.ts:603:9)
Debugger listening on ws://127.0.0.1:51960/183de85d-5bd1-4faa-acf1-ac0df181e9a4
For help, see: https://nodejs.org/en/docs/inspector
Debugger attached.

> @balancer-labs/sdk@1.0.0 examples:run
> npx ts-node -P tsconfig.testing.json -r tsconfig-paths/register ./examples/arbitrage4.ts live

Debugger listening on ws://127.0.0.1:51963/b25e621d-6bf4-41b2-9dbb-a7ad80b05a7f
For help, see: https://nodejs.org/en/docs/inspector
Debugger attached.
Debugger listening on ws://127.0.0.1:51965/611a35d7-dd01-46ac-a14c-c203029e8224
For help, see: https://nodejs.org/en/docs/inspector
Debugger attached.
Running against local: false
Unknown pool type: FX 0xad0e5e0778cac28f1ff459602b31351871b5754a0002000000000000000003ce
Unknown pool type: FX 0x66bb9d104c55861feb3ec3559433f01f6373c9660002000000000000000003cf
Unknown pool type: HighAmpComposableStable 0xea912e1afa137c15f1638142e32f978e92fbce390000000000000000000003b4
Unknown pool type: HighAmpComposableStable 0x1d1b44a4c5a047bdc9b3f06842566e5ea9c1966d0000000000000000000003b3
Debugger listening on ws://127.0.0.1:52109/0dea86bf-ab36-43de-9de9-a7c5769f803a
For help, see: https://nodejs.org/en/docs/inspector
Debugger attached.

> @balancer-labs/sdk@1.0.0 examples:run
> npx ts-node -P tsconfig.testing.json -r tsconfig-paths/register ./examples/arbitrage4.ts live

Debugger listening on ws://127.0.0.1:52112/b3de876f-90f9-413b-93f6-ccc47c34f4cf
For help, see: https://nodejs.org/en/docs/inspector
Debugger attached.
Debugger listening on ws://127.0.0.1:52114/29489826-5c1e-46a6-b519-69e5289cd6d0
For help, see: https://nodejs.org/en/docs/inspector
Debugger attached.
Running against local: false
Unknown pool type: FX 0xad0e5e0778cac28f1ff459602b31351871b5754a0002000000000000000003ce
Unknown pool type: FX 0x66bb9d104c55861feb3ec3559433f01f6373c9660002000000000000000003cf
Unknown pool type: HighAmpComposableStable 0xea912e1afa137c15f1638142e32f978e92fbce390000000000000000000003b4
Unknown pool type: HighAmpComposableStable 0x1d1b44a4c5a047bdc9b3f06842566e5ea9c1966d0000000000000000000003b3
Error: fetchPools(): Issue with multicall execution.
/Users/pulkit/Projects/Crypto/balancer-bot/balancer-sdk/balancer-js/examples/arbitrage4.ts:402
        throw new Error(`Error fetching pools data.`);
              ^
Error: Error fetching pools data.
    at fetchPools (/Users/pulkit/Projects/Crypto/balancer-bot/balancer-sdk/balancer-js/examples/arbitrage4.ts:402:15)
    at processTicksAndRejections (node:internal/process/task_queues:96:5)
    at async arbitrage (/Users/pulkit/Projects/Crypto/balancer-bot/balancer-sdk/balancer-js/examples/arbitrage4.ts:603:9)
Waiting for the debugger to disconnect...
Waiting for the debugger to disconnect...
Waiting for the debugger to disconnect...
